bbm/build/outputs/logs/manifest-merger-debug-report.txt
-- Merging decision tree log ---
manifest
ADDED from src\main\AndroidManifest.xml:2:1-442:12
	xmlns:android
		ADDED from src\main\AndroidManifest.xml:2:11-69
	package
		ADDED from src\main\AndroidManifest.xml:3:5-27
		INJECTED from src\main\AndroidManifest.xml
		INJECTED from src\main\AndroidManifest.xml
	android:versionName
		ADDED from src\main\AndroidManifest.xml:5:5-37
		INJECTED from src\main\AndroidManifest.xml
		INJECTED from src\main\AndroidManifest.xml
	android:versionCode
		ADDED from src\main\AndroidManifest.xml:4:5-28
		INJECTED from src\main\AndroidManifest.xml
		INJECTED from src\main\AndroidManifest.xml
uses-sdk
ADDED from src\main\AndroidManifest.xml:6:5-8:41
MERGED from [workspace:slidingmenu_library:unspecified] AndroidManifest.xml:7:5-9:41
	android:targetSdkVersion
		ADDED from src\main\AndroidManifest.xml:8:9-38
		INJECTED from src\main\AndroidManifest.xml
		INJECTED from src\main\AndroidManifest.xml
	android:minSdkVersion
		ADDED from src\main\AndroidManifest.xml:7:9-35
		INJECTED from src\main\AndroidManifest.xml
		INJECTED from src\main\AndroidManifest.xml
uses-permission#android.permission.INTERNET
ADDED from src\main\AndroidManifest.xml:11:2-63
	android:name
		ADDED from src\main\AndroidManifest.xml:11:19-61
uses-permission#android.permission.READ_PHONE_STATE
ADDED from src\main\AndroidManifest.xml:12:2-72
	android:name
		ADDED from src\main\AndroidManifest.xml:12:19-69
uses-permission#android.permission.ACCESS_NETWORK_STATE
ADDED from src\main\AndroidManifest.xml:13:2-76
	android:name
		ADDED from src\main\AndroidManifest.xml:13:19-73
uses-permission#android.permission.RECEIVE_BOOT_COMPLETED
ADDED from src\main\AndroidManifest.xml:14:2-78
	android:name
		ADDED from src\main\AndroidManifest.xml:14:19-75
uses-permission#android.permission.WRITE_SETTINGS
ADDED from src\main\AndroidManifest.xml:15:2-70
	android:name
		ADDED from src\main\AndroidManifest.xml:15:19-67
uses-permission#android.permission.VIBRATE
ADDED from src\main\AndroidManifest.xml:16:2-63
	android:name
		ADDED from src\main\AndroidManifest.xml:16:19-60
uses-permission#android.permission.WRITE_EXTERNAL_STORAGE
ADDED from src\main\AndroidManifest.xml:17:2-78
	android:name
		ADDED from src\main\AndroidManifest.xml:17:19-75
uses-permission#android.permission.ACCESS_DOWNLOAD_MANAGER
ADDED from src\main\AndroidManifest.xml:18:2-78
	android:name
		ADDED from src\main\AndroidManifest.xml:18:19-76
uses-permission#android.permission.DOWNLOAD_WITHOUT_NOTIFICATION
ADDED from src\main\AndroidManifest.xml:19:2-85
	android:name
		ADDED from src\main\AndroidManifest.xml:19:19-82
uses-permission#android.permission.DISABLE_KEYGUARD
ADDED from src\main\AndroidManifest.xml:20:2-72
	android:name
		ADDED from src\main\AndroidManifest.xml:20:19-69
uses-permission#android.permission.ACCESS_COARSE_LOCATION
ADDED from src\main\AndroidManifest.xml:21:2-78
	android:name
		ADDED from src\main\AndroidManifest.xml:21:19-75
uses-permission#android.permission.ACCESS_WIFI_STATE
ADDED from src\main\AndroidManifest.xml:22:2-73
	android:name
		ADDED from src\main\AndroidManifest.xml:22:19-70
uses-permission#android.permission.ACCESS_FINE_LOCATION
ADDED from src\main\AndroidManifest.xml:25:5-26:23
	android:name
		ADDED from src\main\AndroidManifest.xml:25:22-76
uses-permission#android.permission.CHANGE_WIFI_STATE
ADDED from src\main\AndroidManifest.xml:31:5-32:23
	android:name
		ADDED from src\main\AndroidManifest.xml:31:22-73
uses-permission#android.permission.MOUNT_UNMOUNT_FILESYSTEMS
ADDED from src\main\AndroidManifest.xml:38:5-39:23
	android:name
		ADDED from src\main\AndroidManifest.xml:38:22-81
uses-permission#android.permission.READ_LOGS
ADDED from src\main\AndroidManifest.xml:40:5-41:23
	android:name
		ADDED from src\main\AndroidManifest.xml:40:22-65
uses-permission#android.permission.WAKE_LOCK
ADDED from src\main\AndroidManifest.xml:43:5-68
	android:name
		ADDED from src\main\AndroidManifest.xml:43:22-65
uses-permission#android.permission.RECORD_AUDIO
ADDED from src\main\AndroidManifest.xml:47:5-71
	android:name
		ADDED from src\main\AndroidManifest.xml:47:22-68
uses-permission#android.permission.CALL_PHONE
ADDED from src\main\AndroidManifest.xml:54:5-70
	android:name
		ADDED from src\main\AndroidManifest.xml:54:23-67
application
ADDED from src\main\AndroidManifest.xml:60:6-440:19
	android:label
		ADDED from src\main\AndroidManifest.xml:62:9-41
	android:icon
		ADDED from src\main\AndroidManifest.xml:61:9-43
	android:theme
		ADDED from src\main\AndroidManifest.xml:63:9-40
	android:name
		ADDED from src\main\AndroidManifest.xml:60:19-62
activity#com.bbxiaoqu.ui.fragment.SendCrashActivity
ADDED from src\main\AndroidManifest.xml:65:10-71:20
	android:windowSoftInputMode
		ADDED from src\main\AndroidManifest.xml:70:13-52
	android:screenOrientation
		ADDED from src\main\AndroidManifest.xml:68:13-49
	android:label
		ADDED from src\main\AndroidManifest.xml:67:13-45
	android:theme
		ADDED from src\main\AndroidManifest.xml:69:13-66
	android:name
		ADDED from src\main\AndroidManifest.xml:66:13-70
activity#com.bbxiaoqu.ui.Welcome
ADDED from src\main\AndroidManifest.xml:72:10-80:20
	android:label
		ADDED from src\main\AndroidManifest.xml:74:13-45
	android:name
		ADDED from src\main\AndroidManifest.xml:73:13-51
intent-filter#android.intent.action.MAIN+android.intent.category.LAUNCHER
ADDED from src\main\AndroidManifest.xml:75:14-79:29
action#android.intent.action.MAIN
ADDED from src\main\AndroidManifest.xml:76:17-69
	android:name
		ADDED from src\main\AndroidManifest.xml:76:25-66
category#android.intent.category.LAUNCHER
ADDED from src\main\AndroidManifest.xml:78:17-77
	android:name
		ADDED from src\main\AndroidManifest.xml:78:27-74
activity#com.bbxiaoqu.ui.fragment.HomeActivity
ADDED from src\main\AndroidManifest.xml:81:9-83
	android:name
		ADDED from src\main\AndroidManifest.xml:81:19-71
activity#com.bbxiaoqu.ui.LoginActivity
ADDED from src\main\AndroidManifest.xml:82:10-88:20
	android:windowSoftInputMode
		ADDED from src\main\AndroidManifest.xml:84:13-68
	android:screenOrientation
		ADDED from src\main\AndroidManifest.xml:86:13-49
	android:label
		ADDED from src\main\AndroidManifest.xml:87:13-42
	android:name
		ADDED from src\main\AndroidManifest.xml:83:13-57
	android:launchMode
		ADDED from src\main\AndroidManifest.xml:85:13-44
activity#com.bbxiaoqu.ui.sub.SelectPhotoActivity
ADDED from src\main\AndroidManifest.xml:91:9-95:20
	android:screenOrientation
		ADDED from src\main\AndroidManifest.xml:93:12-48
	android:theme
		ADDED from src\main\AndroidManifest.xml:94:13-53
	android:name
		ADDED from src\main\AndroidManifest.xml:92:13-67
activity#com.bbxiaoqu.ui.RegisterActivity
ADDED from src\main\AndroidManifest.xml:96:9-100:20
	android:label
		ADDED from src\main\AndroidManifest.xml:99:13-45
	android:configChanges
		ADDED from src\main\AndroidManifest.xml:98:13-63
	android:name
		ADDED from src\main\AndroidManifest.xml:97:13-60
activity#com.bbxiaoqu.ui.SendActivity
ADDED from src\main\AndroidManifest.xml:101:10-105:20
	android:label
		ADDED from src\main\AndroidManifest.xml:104:13-45
	android:configChanges
		ADDED from src\main\AndroidManifest.xml:103:13-63
	android:name
		ADDED from src\main\AndroidManifest.xml:102:13-56
activity#com.bbxiaoqu.ui.PublishActivity
ADDED from src\main\AndroidManifest.xml:106:9-110:20
	android:label
		ADDED from src\main\AndroidManifest.xml:109:13-45
	android:configChanges
		ADDED from src\main\AndroidManifest.xml:108:13-63
	android:name
		ADDED from src\main\AndroidManifest.xml:107:13-59
activity#com.bbxiaoqu.ui.SearchActivity
ADDED from src\main\AndroidManifest.xml:111:13-115:20
	android:label
		ADDED from src\main\AndroidManifest.xml:114:13-45
	android:configChanges
		ADDED from src\main\AndroidManifest.xml:113:13-63
	android:name
		ADDED from src\main\AndroidManifest.xml:112:13-58
activity#com.bbxiaoqu.ui.SuggestActivity
ADDED from src\main\AndroidManifest.xml:116:11-120:20
	android:label
		ADDED from src\main\AndroidManifest.xml:119:13-45
	android:configChanges
		ADDED from src\main\AndroidManifest.xml:118:13-63
	android:name
		ADDED from src\main\AndroidManifest.xml:117:13-59
activity#com.bbxiaoqu.ui.main.ViewActivity
ADDED from src\main\AndroidManifest.xml:121:9-125:20
	android:label
		ADDED from src\main\AndroidManifest.xml:124:13-45
	android:configChanges
		ADDED from src\main\AndroidManifest.xml:123:13-63
	android:name
		ADDED from src\main\AndroidManifest.xml:122:13-61
activity#com.bbxiaoqu.ui.main.ViewListActivity
ADDED from src\main\AndroidManifest.xml:126:10-130:20
	android:label
		ADDED from src\main\AndroidManifest.xml:129:13-45
	android:configChanges
		ADDED from src\main\AndroidManifest.xml:128:13-63
	android:name
		ADDED from src\main\AndroidManifest.xml:127:13-65
activity#com.bbxiaoqu.ui.sub.InfoGzActivity
ADDED from src\main\AndroidManifest.xml:131:9-135:20
	android:label
		ADDED from src\main\AndroidManifest.xml:134:13-45
	android:configChanges
		ADDED from src\main\AndroidManifest.xml:133:13-63
	android:name
		ADDED from src\main\AndroidManifest.xml:132:13-62
activity#com.bbxiaoqu.ui.sub.InfoBmActivity
ADDED from src\main\AndroidManifest.xml:136:9-140:20
	android:label
		ADDED from src\main\AndroidManifest.xml:139:13-45
	android:configChanges
		ADDED from src\main\AndroidManifest.xml:138:13-63
	android:name
		ADDED from src\main\AndroidManifest.xml:137:13-62
activity#com.bbxiaoqu.ui.sub.InfoMyActivity
ADDED from src\main\AndroidManifest.xml:141:9-145:20
	android:label
		ADDED from src\main\AndroidManifest.xml:144:13-45
	android:configChanges
		ADDED from src\main\AndroidManifest.xml:143:13-63
	android:name
		ADDED from src\main\AndroidManifest.xml:142:13-62
activity#com.bbxiaoqu.ui.sub.BmUserActivity
ADDED from src\main\AndroidManifest.xml:146:9-150:20
	android:label
		ADDED from src\main\AndroidManifest.xml:149:13-45
	android:configChanges
		ADDED from src\main\AndroidManifest.xml:148:13-63
	android:name
		ADDED from src\main\AndroidManifest.xml:147:13-62
activity#com.bbxiaoqu.ui.sub.ChattingActivity
ADDED from src\main\AndroidManifest.xml:151:9-155:20
	android:label
		ADDED from src\main\AndroidManifest.xml:154:13-45
	android:configChanges
		ADDED from src\main\AndroidManifest.xml:153:13-63
	android:name
		ADDED from src\main\AndroidManifest.xml:152:13-64
activity#com.bbxiaoqu.ui.sub.UserInfoActivity
ADDED from src\main\AndroidManifest.xml:159:11-163:20
	android:label
		ADDED from src\main\AndroidManifest.xml:162:13-45
	android:configChanges
		ADDED from src\main\AndroidManifest.xml:161:13-63
	android:name
		ADDED from src\main\AndroidManifest.xml:160:13-64
activity#com.bbxiaoqu.ui.sub.UserInfoViewActivity
ADDED from src\main\AndroidManifest.xml:164:15-168:20
	android:label
		ADDED from src\main\AndroidManifest.xml:167:13-45
	android:configChanges
		ADDED from src\main\AndroidManifest.xml:166:13-63
	android:name
		ADDED from src\main\AndroidManifest.xml:165:13-68
activity#com.bbxiaoqu.ui.community.SubscribeCommunityMapActivity
ADDED from src\main\AndroidManifest.xml:169:10-173:20
	android:label
		ADDED from src\main\AndroidManifest.xml:172:13-45
	android:configChanges
		ADDED from src\main\AndroidManifest.xml:171:13-63
	android:name
		ADDED from src\main\AndroidManifest.xml:170:13-83
activity#com.bbxiaoqu.ui.community.CommunityListActivity
ADDED from src\main\AndroidManifest.xml:175:11-179:20
	android:label
		ADDED from src\main\AndroidManifest.xml:178:13-45
	android:configChanges
		ADDED from src\main\AndroidManifest.xml:177:13-63
	android:name
		ADDED from src\main\AndroidManifest.xml:176:13-75
activity#com.bbxiaoqu.ui.community.CommunityActivity
ADDED from src\main\AndroidManifest.xml:180:10-184:20
	android:label
		ADDED from src\main\AndroidManifest.xml:183:13-45
	android:configChanges
		ADDED from src\main\AndroidManifest.xml:182:13-63
	android:name
		ADDED from src\main\AndroidManifest.xml:181:13-71
activity#com.bbxiaoqu.ui.community.AddCommunityActivity
ADDED from src\main\AndroidManifest.xml:185:10-189:20
	android:label
		ADDED from src\main\AndroidManifest.xml:188:13-45
	android:configChanges
		ADDED from src\main\AndroidManifest.xml:187:13-63
	android:name
		ADDED from src\main\AndroidManifest.xml:186:13-74
activity#com.bbxiaoqu.ui.community.SelCommunityActivity
ADDED from src\main\AndroidManifest.xml:192:11-196:20
	android:label
		ADDED from src\main\AndroidManifest.xml:195:13-45
	android:configChanges
		ADDED from src\main\AndroidManifest.xml:194:13-63
	android:name
		ADDED from src\main\AndroidManifest.xml:193:13-74
activity#com.bbxiaoqu.ui.community.LeftMessageTab
ADDED from src\main\AndroidManifest.xml:197:19-201:20
	android:label
		ADDED from src\main\AndroidManifest.xml:200:13-45
	android:configChanges
		ADDED from src\main\AndroidManifest.xml:199:13-63
	android:name
		ADDED from src\main\AndroidManifest.xml:198:13-68
activity#com.bbxiaoqu.ui.community.CommunityGzListActivity
ADDED from src\main\AndroidManifest.xml:203:9-207:20
	android:label
		ADDED from src\main\AndroidManifest.xml:206:13-45
	android:configChanges
		ADDED from src\main\AndroidManifest.xml:205:13-63
	android:name
		ADDED from src\main\AndroidManifest.xml:204:13-77
activity#com.bbxiaoqu.ui.community.CommunityNearListActivity
ADDED from src\main\AndroidManifest.xml:208:9-212:20
	android:label
		ADDED from src\main\AndroidManifest.xml:211:13-45
	android:configChanges
		ADDED from src\main\AndroidManifest.xml:210:13-63
	android:name
		ADDED from src\main\AndroidManifest.xml:209:13-79
activity#com.bbxiaoqu.ui.sub.SettingsActivity
ADDED from src\main\AndroidManifest.xml:213:10-217:20
	android:label
		ADDED from src\main\AndroidManifest.xml:216:13-45
	android:configChanges
		ADDED from src\main\AndroidManifest.xml:215:13-63
	android:name
		ADDED from src\main\AndroidManifest.xml:214:13-64
activity#com.bbxiaoqu.ui.sub.ViewUserInfoActivity
ADDED from src\main\AndroidManifest.xml:218:18-222:20
	android:label
		ADDED from src\main\AndroidManifest.xml:221:13-45
	android:configChanges
		ADDED from src\main\AndroidManifest.xml:220:13-63
	android:name
		ADDED from src\main\AndroidManifest.xml:219:13-68
activity#com.bbxiaoqu.view.BaseActivity
ADDED from src\main\AndroidManifest.xml:223:11-227:20
	android:label
		ADDED from src\main\AndroidManifest.xml:226:13-45
	android:configChanges
		ADDED from src\main\AndroidManifest.xml:225:13-63
	android:name
		ADDED from src\main\AndroidManifest.xml:224:13-58
activity#com.bbxiaoqu.ui.sub.DiscussActivity
ADDED from src\main\AndroidManifest.xml:228:10-232:20
	android:label
		ADDED from src\main\AndroidManifest.xml:231:13-45
	android:configChanges
		ADDED from src\main\AndroidManifest.xml:230:13-63
	android:name
		ADDED from src\main\AndroidManifest.xml:229:13-63
activity#com.bbxiaoqu.ui.sub.PayActivity
ADDED from src\main\AndroidManifest.xml:233:9-237:20
	android:label
		ADDED from src\main\AndroidManifest.xml:236:13-45
	android:configChanges
		ADDED from src\main\AndroidManifest.xml:235:13-63
	android:name
		ADDED from src\main\AndroidManifest.xml:234:13-59
activity#com.bbxiaoqu.ui.sub.MyinfosActivity
ADDED from src\main\AndroidManifest.xml:238:9-242:20
	android:label
		ADDED from src\main\AndroidManifest.xml:241:13-45
	android:configChanges
		ADDED from src\main\AndroidManifest.xml:240:13-63
	android:name
		ADDED from src\main\AndroidManifest.xml:239:13-63
activity#com.bbxiaoqu.ui.sub.RecentActivity
ADDED from src\main\AndroidManifest.xml:243:9-247:20
	android:label
		ADDED from src\main\AndroidManifest.xml:246:13-45
	android:configChanges
		ADDED from src\main\AndroidManifest.xml:245:13-63
	android:name
		ADDED from src\main\AndroidManifest.xml:244:13-62
activity#com.bbxiaoqu.ui.sub.FriendsActivity
ADDED from src\main\AndroidManifest.xml:248:9-252:20
	android:label
		ADDED from src\main\AndroidManifest.xml:251:13-45
	android:configChanges
		ADDED from src\main\AndroidManifest.xml:250:13-63
	android:name
		ADDED from src\main\AndroidManifest.xml:249:13-63
activity#com.bbxiaoqu.ui.sub.PayAddActivity
ADDED from src\main\AndroidManifest.xml:254:9-258:20
	android:label
		ADDED from src\main\AndroidManifest.xml:257:13-45
	android:configChanges
		ADDED from src\main\AndroidManifest.xml:256:13-63
	android:name
		ADDED from src\main\AndroidManifest.xml:255:13-62
activity#com.bbxiaoqu.client.CustomActivity
ADDED from src\main\AndroidManifest.xml:260:9-264:20
	android:configChanges
		ADDED from src\main\AndroidManifest.xml:263:13-63
	android:name
		ADDED from src\main\AndroidManifest.xml:261:13-62
	android:launchMode
		ADDED from src\main\AndroidManifest.xml:262:13-44
activity#com.baidu.android.voicedemo.Setting
ADDED from src\main\AndroidManifest.xml:266:9-275:20
	android:screenOrientation
		ADDED from src\main\AndroidManifest.xml:270:13-49
	android:label
		ADDED from src\main\AndroidManifest.xml:268:13-31
	android:configChanges
		ADDED from src\main\AndroidManifest.xml:269:13-76
	android:name
		ADDED from src\main\AndroidManifest.xml:267:13-63
intent-filter#android.intent.category.DEFAULT+com.baidu.speech.asr.demo.setting
ADDED from src\main\AndroidManifest.xml:271:13-274:29
action#com.baidu.speech.asr.demo.setting
ADDED from src\main\AndroidManifest.xml:272:17-76
	android:name
		ADDED from src\main\AndroidManifest.xml:272:25-73
category#android.intent.category.DEFAULT
ADDED from src\main\AndroidManifest.xml:273:17-76
	android:name
		ADDED from src\main\AndroidManifest.xml:273:27-73
activity#com.bbxiaoqu.comm.gallery.BigImgActivity
ADDED from src\main\AndroidManifest.xml:276:9-282:20
	android:windowSoftInputMode
		ADDED from src\main\AndroidManifest.xml:281:13-52
	android:screenOrientation
		ADDED from src\main\AndroidManifest.xml:279:13-49
	android:label
		ADDED from src\main\AndroidManifest.xml:278:13-45
	android:theme
		ADDED from src\main\AndroidManifest.xml:280:13-66
	android:name
		ADDED from src\main\AndroidManifest.xml:277:13-68
activity#com.bbxiaoqu.ui.AboutActivity
ADDED from src\main\AndroidManifest.xml:283:10-289:20
	android:windowSoftInputMode
		ADDED from src\main\AndroidManifest.xml:288:13-52
	android:screenOrientation
		ADDED from src\main\AndroidManifest.xml:286:13-49
	android:label
		ADDED from src\main\AndroidManifest.xml:285:13-45
	android:theme
		ADDED from src\main\AndroidManifest.xml:287:13-66
	android:name
		ADDED from src\main\AndroidManifest.xml:284:13-57
activity#com.bbxiaoqu.ui.main.MainActivity
ADDED from src\main\AndroidManifest.xml:290:9-296:20
	android:windowSoftInputMode
		ADDED from src\main\AndroidManifest.xml:295:13-52
	android:screenOrientation
		ADDED from src\main\AndroidManifest.xml:293:13-49
	android:label
		ADDED from src\main\AndroidManifest.xml:292:13-45
	android:theme
		ADDED from src\main\AndroidManifest.xml:294:13-66
	android:name
		ADDED from src\main\AndroidManifest.xml:291:13-61
activity#com.bbxiaoqu.ui.main.NearActivity
ADDED from src\main\AndroidManifest.xml:298:8-304:20
	android:windowSoftInputMode
		ADDED from src\main\AndroidManifest.xml:303:13-52
	android:screenOrientation
		ADDED from src\main\AndroidManifest.xml:301:13-49
	android:label
		ADDED from src\main\AndroidManifest.xml:300:13-45
	android:theme
		ADDED from src\main\AndroidManifest.xml:302:13-66
	android:name
		ADDED from src\main\AndroidManifest.xml:299:13-61
activity#com.bbxiaoqu.ui.main.MapActivity
ADDED from src\main\AndroidManifest.xml:305:13-311:20
	android:windowSoftInputMode
		ADDED from src\main\AndroidManifest.xml:310:13-52
	android:screenOrientation
		ADDED from src\main\AndroidManifest.xml:308:13-49
	android:label
		ADDED from src\main\AndroidManifest.xml:307:13-45
	android:theme
		ADDED from src\main\AndroidManifest.xml:309:13-66
	android:name
		ADDED from src\main\AndroidManifest.xml:306:13-60
activity#com.bbxiaoqu.ui.NoticeActivity
ADDED from src\main\AndroidManifest.xml:312:10-318:20
	android:windowSoftInputMode
		ADDED from src\main\AndroidManifest.xml:317:13-52
	android:screenOrientation
		ADDED from src\main\AndroidManifest.xml:315:13-49
	android:label
		ADDED from src\main\AndroidManifest.xml:314:13-45
	android:theme
		ADDED from src\main\AndroidManifest.xml:316:14-50
	android:name
		ADDED from src\main\AndroidManifest.xml:313:13-58
service#com.bbxiaoqu.update.UpdateService
ADDED from src\main\AndroidManifest.xml:322:3-323:13
	android:name
		ADDED from src\main\AndroidManifest.xml:322:12-60
service#com.bbxiaoqu.client.xmpp.MessageService
ADDED from src\main\AndroidManifest.xml:324:3-325:13
	android:name
		ADDED from src\main\AndroidManifest.xml:324:12-66
service#com.bbxiaoqu.comm.service.ServiceDemo
ADDED from src\main\AndroidManifest.xml:326:3-330:13
	android:name
		ADDED from src\main\AndroidManifest.xml:326:12-64
intent-filter#com.bbxiaoqu.comm.service.ServiceDemo
ADDED from src\main\AndroidManifest.xml:327:13-329:29
action#com.bbxiaoqu.comm.service.ServiceDemo
ADDED from src\main\AndroidManifest.xml:328:17-79
	android:name
		ADDED from src\main\AndroidManifest.xml:328:25-77
receiver#com.bbxiaoqu.client.xmpp.StartXmppReceiver
ADDED from src\main\AndroidManifest.xml:332:8-336:20
	android:name
		ADDED from src\main\AndroidManifest.xml:332:18-75
intent-filter#android.intent.action.BOOT_COMPLETED
ADDED from src\main\AndroidManifest.xml:333:13-335:29
action#android.intent.action.BOOT_COMPLETED
ADDED from src\main\AndroidManifest.xml:334:17-78
	android:name
		ADDED from src\main\AndroidManifest.xml:334:25-76
receiver#com.bbxiaoqu.client.baidu.BbPushMessageReceiver
ADDED from src\main\AndroidManifest.xml:353:9-361:20
	android:name
		ADDED from src\main\AndroidManifest.xml:353:19-81
intent-filter#com.baidu.android.pushservice.action.MESSAGE+com.baidu.android.pushservice.action.RECEIVE+com.baidu.android.pushservice.action.notification.CLICK
ADDED from src\main\AndroidManifest.xml:354:13-360:29
action#com.baidu.android.pushservice.action.MESSAGE
ADDED from src\main\AndroidManifest.xml:356:17-87
	android:name
		ADDED from src\main\AndroidManifest.xml:356:25-84
action#com.baidu.android.pushservice.action.RECEIVE
ADDED from src\main\AndroidManifest.xml:358:17-87
	android:name
		ADDED from src\main\AndroidManifest.xml:358:25-84
action#com.baidu.android.pushservice.action.notification.CLICK
ADDED from src\main\AndroidManifest.xml:359:17-98
	android:name
		ADDED from src\main\AndroidManifest.xml:359:25-95
receiver#com.baidu.android.pushservice.PushServiceReceiver
ADDED from src\main\AndroidManifest.xml:364:9-377:20
	android:process
		ADDED from src\main\AndroidManifest.xml:365:13-44
	android:name
		ADDED from src\main\AndroidManifest.xml:364:19-83
intent-filter#android.intent.action.ACTION_POWER_CONNECTED+android.intent.action.ACTION_POWER_DISCONNECTED+android.intent.action.BOOT_COMPLETED+android.intent.action.MEDIA_MOUNTED+android.intent.action.USER_PRESENT+android.net.conn.CONNECTIVITY_CHANGE+com.baidu.android.pushservice.action.media.CLICK+com.baidu.android.pushservice.action.notification.SHOW
ADDED from src\main\AndroidManifest.xml:366:13-376:29
action#android.net.conn.CONNECTIVITY_CHANGE
ADDED from src\main\AndroidManifest.xml:368:17-79
	android:name
		ADDED from src\main\AndroidManifest.xml:368:25-76
action#com.baidu.android.pushservice.action.notification.SHOW
ADDED from src\main\AndroidManifest.xml:369:17-97
	android:name
		ADDED from src\main\AndroidManifest.xml:369:25-94
action#com.baidu.android.pushservice.action.media.CLICK
ADDED from src\main\AndroidManifest.xml:370:17-91
	android:name
		ADDED from src\main\AndroidManifest.xml:370:25-88
action#android.intent.action.MEDIA_MOUNTED
ADDED from src\main\AndroidManifest.xml:372:3-64
	android:name
		ADDED from src\main\AndroidManifest.xml:372:11-61
action#android.intent.action.USER_PRESENT
ADDED from src\main\AndroidManifest.xml:373:3-63
	android:name
		ADDED from src\main\AndroidManifest.xml:373:11-60
action#android.intent.action.ACTION_POWER_CONNECTED
ADDED from src\main\AndroidManifest.xml:374:3-73
	android:name
		ADDED from src\main\AndroidManifest.xml:374:11-70
action#android.intent.action.ACTION_POWER_DISCONNECTED
ADDED from src\main\AndroidManifest.xml:375:3-76
	android:name
		ADDED from src\main\AndroidManifest.xml:375:11-73
receiver#com.baidu.android.pushservice.RegistrationReceiver
ADDED from src\main\AndroidManifest.xml:378:9-388:20
	android:process
		ADDED from src\main\AndroidManifest.xml:379:13-44
	android:name
		ADDED from src\main\AndroidManifest.xml:378:19-84
intent-filter#com.baidu.android.pushservice.action.BIND_SYNC+com.baidu.android.pushservice.action.METHOD
ADDED from src\main\AndroidManifest.xml:380:13-383:29
action#com.baidu.android.pushservice.action.METHOD
ADDED from src\main\AndroidManifest.xml:381:17-86
	android:name
		ADDED from src\main\AndroidManifest.xml:381:25-83
action#com.baidu.android.pushservice.action.BIND_SYNC
ADDED from src\main\AndroidManifest.xml:382:17-89
	android:name
		ADDED from src\main\AndroidManifest.xml:382:25-86
intent-filter#android.intent.action.PACKAGE_REMOVED
ADDED from src\main\AndroidManifest.xml:384:13-387:29
action#android.intent.action.PACKAGE_REMOVED
ADDED from src\main\AndroidManifest.xml:385:17-79
	android:name
		ADDED from src\main\AndroidManifest.xml:385:25-77
data
ADDED from src\main\AndroidManifest.xml:386:17-50
	android:scheme
		ADDED from src\main\AndroidManifest.xml:386:23-47
service#com.baidu.android.pushservice.PushService
ADDED from src\main\AndroidManifest.xml:389:9-396:19
	android:process
		ADDED from src\main\AndroidManifest.xml:392:13-44
	android:exported
		ADDED from src\main\AndroidManifest.xml:391:13-36
	android:name
		ADDED from src\main\AndroidManifest.xml:390:13-69
intent-filter#com.baidu.android.pushservice.action.PUSH_SERVICE
ADDED from src\main\AndroidManifest.xml:393:13-395:29
action#com.baidu.android.pushservice.action.PUSH_SERVICE
ADDED from src\main\AndroidManifest.xml:394:17-92
	android:name
		ADDED from src\main\AndroidManifest.xml:394:25-89
service#com.baidu.android.pushservice.CommandService
ADDED from src\main\AndroidManifest.xml:397:2-398:39
	android:exported
		ADDED from src\main\AndroidManifest.xml:398:13-36
	android:name
		ADDED from src\main\AndroidManifest.xml:397:11-70
meta-data#api_key
ADDED from src\main\AndroidManifest.xml:402:9-86
	android:name
		ADDED from src\main\AndroidManifest.xml:402:20-42
	android:value
		ADDED from src\main\AndroidManifest.xml:402:43-83
service#com.baidu.location.f
ADDED from src\main\AndroidManifest.xml:405:10-413:19
	android:process
		ADDED from src\main\AndroidManifest.xml:408:13-38
	android:enabled
		ADDED from src\main\AndroidManifest.xml:407:13-35
	android:name
		ADDED from src\main\AndroidManifest.xml:406:13-48
intent-filter#com.baidu.location.service_v2.2
ADDED from src\main\AndroidManifest.xml:409:13-412:29
action#com.baidu.location.service_v2.2
ADDED from src\main\AndroidManifest.xml:410:17-411:26
	android:name
		ADDED from src\main\AndroidManifest.xml:410:25-71
meta-data#com.baidu.lbsapi.API_KEY
ADDED from src\main\AndroidManifest.xml:416:5-100
	android:name
		ADDED from src\main\AndroidManifest.xml:416:17-56
	android:value
		ADDED from src\main\AndroidManifest.xml:416:57-97
meta-data#com.baidu.speech.API_KEY
ADDED from src\main\AndroidManifest.xml:421:9-102
	android:name
		ADDED from src\main\AndroidManifest.xml:421:20-59
	android:value
		ADDED from src\main\AndroidManifest.xml:421:60-100
meta-data#com.baidu.speech.SECRET_KEY
ADDED from src\main\AndroidManifest.xml:422:9-113
	android:name
		ADDED from src\main\AndroidManifest.xml:422:20-62
	android:value
		ADDED from src\main\AndroidManifest.xml:422:63-111
service#com.baidu.speech.VoiceRecognitionService
ADDED from src\main\AndroidManifest.xml:423:9-101
	android:exported
		ADDED from src\main\AndroidManifest.xml:423:74-98
	android:name
		ADDED from src\main\AndroidManifest.xml:423:18-73
activity#com.baidu.voicerecognition.android.ui.BaiduASRDigitalDialog
ADDED from src\main\AndroidManifest.xml:424:9-434:20
	android:screenOrientation
		ADDED from src\main\AndroidManifest.xml:429:17-53
	android:configChanges
		ADDED from src\main\AndroidManifest.xml:426:17-80
	android:theme
		ADDED from src\main\AndroidManifest.xml:427:17-60
	android:exported
		ADDED from src\main\AndroidManifest.xml:428:17-41
	android:name
		ADDED from src\main\AndroidManifest.xml:425:17-91
intent-filter#android.intent.category.DEFAULT+com.baidu.action.RECOGNIZE_SPEECH
ADDED from src\main\AndroidManifest.xml:430:13-433:29
action#com.baidu.action.RECOGNIZE_SPEECH
ADDED from src\main\AndroidManifest.xml:431:17-76
	android:name
		ADDED from src\main\AndroidManifest.xml:431:25-73